Analysis & Synthesis report for contador
Fri Dec 16 12:26:27 2022
Quartus Prime Version 19.1.0 Build 670 09/22/2019 SJ Lite Edition


---------------------
; Table of Contents ;
---------------------
  1. Legal Notice
  2. Analysis & Synthesis Summary
  3. Analysis & Synthesis Settings
  4. Parallel Compilation
  5. Analysis & Synthesis Source Files Read
  6. Analysis & Synthesis Resource Usage Summary
  7. Analysis & Synthesis Resource Utilization by Entity
  8. General Register Statistics
  9. Inverted Register Statistics
 10. Parameter Settings for User Entity Instance: CLKDIV:UclkDIV
 11. Port Connectivity Checks: "CountUp:UCountUp|Reg:UReg|FFD:UFFD_3"
 12. Port Connectivity Checks: "CountUp:UCountUp|Reg:UReg|FFD:UFFD_2"
 13. Port Connectivity Checks: "CountUp:UCountUp|Reg:UReg|FFD:UFFD_1"
 14. Port Connectivity Checks: "CountUp:UCountUp|Reg:UReg|FFD:UFFD_0"
 15. Port Connectivity Checks: "CountUp:UCountUp|Full_Adder:UFull_Adder"
 16. Post-Synthesis Netlist Statistics for Top Partition
 17. Elapsed Time Per Partition
 18. Analysis & Synthesis Messages



----------------
; Legal Notice ;
----------------
Copyright (C) 2019  Intel Corporation. All rights reserved.
Your use of Intel Corporation's design tools, logic functions 
and other software and tools, and any partner logic 
functions, and any output files from any of the foregoing 
(including device programming or simulation files), and any 
associated documentation or information are expressly subject 
to the terms and conditions of the Intel Program License 
Subscription Agreement, the Intel Quartus Prime License Agreement,
the Intel FPGA IP License Agreement, or other applicable license
agreement, including, without limitation, that your use is for
the sole purpose of programming logic devices manufactured by
Intel and sold by Intel or its authorized distributors.  Please
refer to the applicable agreement for further details, at
https://fpgasoftware.intel.com/eula.



+----------------------------------------------------------------------------------+
; Analysis & Synthesis Summary                                                     ;
+------------------------------------+---------------------------------------------+
; Analysis & Synthesis Status        ; Successful - Fri Dec 16 12:26:27 2022       ;
; Quartus Prime Version              ; 19.1.0 Build 670 09/22/2019 SJ Lite Edition ;
; Revision Name                      ; contador                                    ;
; Top-level Entity Name              ; Contador                                    ;
; Family                             ; MAX 10                                      ;
; Total logic elements               ; 75                                          ;
;     Total combinational functions  ; 75                                          ;
;     Dedicated logic registers      ; 37                                          ;
; Total registers                    ; 37                                          ;
; Total pins                         ; 21                                          ;
; Total virtual pins                 ; 0                                           ;
; Total memory bits                  ; 0                                           ;
; Embedded Multiplier 9-bit elements ; 0                                           ;
; Total PLLs                         ; 0                                           ;
; UFM blocks                         ; 0                                           ;
; ADC blocks                         ; 0                                           ;
+------------------------------------+---------------------------------------------+


+------------------------------------------------------------------------------------------------------------+
; Analysis & Synthesis Settings                                                                              ;
+------------------------------------------------------------------+--------------------+--------------------+
; Option                                                           ; Setting            ; Default Value      ;
+------------------------------------------------------------------+--------------------+--------------------+
; Device                                                           ; 10M50DAF484C6GES   ;                    ;
; Top-level entity name                                            ; Contador           ; contador           ;
; Family name                                                      ; MAX 10             ; Cyclone V          ;
; Use smart compilation                                            ; Off                ; Off                ;
; Enable parallel Assembler and Timing Analyzer during compilation ; On                 ; On                 ;
; Enable compact report table                                      ; Off                ; Off                ;
; Restructure Multiplexers                                         ; Auto               ; Auto               ;
; Create Debugging Nodes for IP Cores                              ; Off                ; Off                ;
; Preserve fewer node names                                        ; On                 ; On                 ;
; Intel FPGA IP Evaluation Mode                                    ; Enable             ; Enable             ;
; Verilog Version                                                  ; Verilog_2001       ; Verilog_2001       ;
; VHDL Version                                                     ; VHDL_1993          ; VHDL_1993          ;
; State Machine Processing                                         ; Auto               ; Auto               ;
; Safe State Machine                                               ; Off                ; Off                ;
; Extract Verilog State Machines                                   ; On                 ; On                 ;
; Extract VHDL State Machines                                      ; On                 ; On                 ;
; Ignore Verilog initial constructs                                ; Off                ; Off                ;
; Iteration limit for constant Verilog loops                       ; 5000               ; 5000               ;
; Iteration limit for non-constant Verilog loops                   ; 250                ; 250                ;
; Add Pass-Through Logic to Inferred RAMs                          ; On                 ; On                 ;
; Infer RAMs from Raw Logic                                        ; On                 ; On                 ;
; Parallel Synthesis                                               ; On                 ; On                 ;
; DSP Block Balancing                                              ; Auto               ; Auto               ;
; NOT Gate Push-Back                                               ; On                 ; On                 ;
; Power-Up Don't Care                                              ; On                 ; On                 ;
; Remove Redundant Logic Cells                                     ; Off                ; Off                ;
; Remove Duplicate Registers                                       ; On                 ; On                 ;
; Ignore CARRY Buffers                                             ; Off                ; Off                ;
; Ignore CASCADE Buffers                                           ; Off                ; Off                ;
; Ignore GLOBAL Buffers                                            ; Off                ; Off                ;
; Ignore ROW GLOBAL Buffers                                        ; Off                ; Off                ;
; Ignore LCELL Buffers                                             ; Off                ; Off                ;
; Ignore SOFT Buffers                                              ; On                 ; On                 ;
; Limit AHDL Integers to 32 Bits                                   ; Off                ; Off                ;
; Optimization Technique                                           ; Balanced           ; Balanced           ;
; Carry Chain Length                                               ; 70                 ; 70                 ;
; Auto Carry Chains                                                ; On                 ; On                 ;
; Auto Open-Drain Pins                                             ; On                 ; On                 ;
; Perform WYSIWYG Primitive Resynthesis                            ; Off                ; Off                ;
; Auto ROM Replacement                                             ; On                 ; On                 ;
; Auto RAM Replacement                                             ; On                 ; On                 ;
; Auto DSP Block Replacement                                       ; On                 ; On                 ;
; Auto Shift Register Replacement                                  ; Auto               ; Auto               ;
; Allow Shift Register Merging across Hierarchies                  ; Auto               ; Auto               ;
; Auto Clock Enable Replacement                                    ; On                 ; On                 ;
; Strict RAM Replacement                                           ; Off                ; Off                ;
; Allow Synchronous Control Signals                                ; On                 ; On                 ;
; Force Use of Synchronous Clear Signals                           ; Off                ; Off                ;
; Auto RAM Block Balancing                                         ; On                 ; On                 ;
; Auto RAM to Logic Cell Conversion                                ; Off                ; Off                ;
; Auto Resource Sharing                                            ; Off                ; Off                ;
; Allow Any RAM Size For Recognition                               ; Off                ; Off                ;
; Allow Any ROM Size For Recognition                               ; Off                ; Off                ;
; Allow Any Shift Register Size For Recognition                    ; Off                ; Off                ;
; Use LogicLock Constraints during Resource Balancing              ; On                 ; On                 ;
; Ignore translate_off and synthesis_off directives                ; Off                ; Off                ;
; Timing-Driven Synthesis                                          ; On                 ; On                 ;
; Report Parameter Settings                                        ; On                 ; On                 ;
; Report Source Assignments                                        ; On                 ; On                 ;
; Report Connectivity Checks                                       ; On                 ; On                 ;
; Ignore Maximum Fan-Out Assignments                               ; Off                ; Off                ;
; Synchronization Register Chain Length                            ; 2                  ; 2                  ;
; Power Optimization During Synthesis                              ; Normal compilation ; Normal compilation ;
; HDL message level                                                ; Level2             ; Level2             ;
; Suppress Register Optimization Related Messages                  ; Off                ; Off                ;
; Number of Removed Registers Reported in Synthesis Report         ; 5000               ; 5000               ;
; Number of Swept Nodes Reported in Synthesis Report               ; 5000               ; 5000               ;
; Number of Inverted Registers Reported in Synthesis Report        ; 100                ; 100                ;
; Clock MUX Protection                                             ; On                 ; On                 ;
; Auto Gated Clock Conversion                                      ; Off                ; Off                ;
; Block Design Naming                                              ; Auto               ; Auto               ;
; SDC constraint protection                                        ; Off                ; Off                ;
; Synthesis Effort                                                 ; Auto               ; Auto               ;
; Shift Register Replacement - Allow Asynchronous Clear Signal     ; On                 ; On                 ;
; Pre-Mapping Resynthesis Optimization                             ; Off                ; Off                ;
; Analysis & Synthesis Message Level                               ; Medium             ; Medium             ;
; Disable Register Merging Across Hierarchies                      ; Auto               ; Auto               ;
; Resource Aware Inference For Block RAM                           ; On                 ; On                 ;
+------------------------------------------------------------------+--------------------+--------------------+


+------------------------------------------+
; Parallel Compilation                     ;
+----------------------------+-------------+
; Processors                 ; Number      ;
+----------------------------+-------------+
; Number detected on machine ; 8           ;
; Maximum allowed            ; 4           ;
;                            ;             ;
; Average used               ; 1.00        ;
; Maximum used               ; 4           ;
;                            ;             ;
; Usage by Processor         ; % Time Used ;
;     Processor 1            ; 100.0%      ;
;     Processors 2-4         ;   0.0%      ;
+----------------------------+-------------+


+--------------------------------------------------------------------------------------------------------------------------------------------------------------------------------------------+
; Analysis & Synthesis Source Files Read                                                                                                                                                     ;
+---------------------------------------------------------------------------+-----------------+-----------------+------------------------------------------------------------------+---------+
; File Name with User-Entered Path                                          ; Used in Netlist ; File Type       ; File Name with Absolute Path                                     ; Library ;
+---------------------------------------------------------------------------+-----------------+-----------------+------------------------------------------------------------------+---------+
; ../../../../Users/leone/Downloads/LSD_2223i_LAB5_rev_24_11/int7seg.vhd    ; yes             ; User VHDL File  ; C:/Users/leone/Downloads/LSD_2223i_LAB5_rev_24_11/int7seg.vhd    ;         ;
; ../../../../Users/leone/Downloads/LSD_2223i_LAB5_rev_24_11/decoderHex.vhd ; yes             ; User VHDL File  ; C:/Users/leone/Downloads/LSD_2223i_LAB5_rev_24_11/decoderHex.vhd ;         ;
; ../lab4/Full_Adder.vhd                                                    ; yes             ; User VHDL File  ; C:/Leonel/isel/lsd/lab4/Full_Adder.vhd                           ;         ;
; ../lab4/semi_Adder.vhd                                                    ; yes             ; User VHDL File  ; C:/Leonel/isel/lsd/lab4/semi_Adder.vhd                           ;         ;
; MUX2_1.vhd                                                                ; yes             ; User VHDL File  ; C:/Leonel/isel/lsd/lab5/MUX2_1.vhd                               ;         ;
; Reg.vhd                                                                   ; yes             ; User VHDL File  ; C:/Leonel/isel/lsd/lab5/Reg.vhd                                  ;         ;
; CountUp.vhd                                                               ; yes             ; User VHDL File  ; C:/Leonel/isel/lsd/lab5/CountUp.vhd                              ;         ;
; ../../../../Users/leone/Downloads/LSD_2223i_LAB5_rev_24_11/clkDIV.vhd     ; yes             ; User VHDL File  ; C:/Users/leone/Downloads/LSD_2223i_LAB5_rev_24_11/clkDIV.vhd     ;         ;
; ../../../../Users/leone/Downloads/LSD_2223i_LAB5_rev_24_11/FFD.vhd        ; yes             ; User VHDL File  ; C:/Users/leone/Downloads/LSD_2223i_LAB5_rev_24_11/FFD.vhd        ;         ;
; Contador.vhd                                                              ; yes             ; User VHDL File  ; C:/Leonel/isel/lsd/lab5/Contador.vhd                             ;         ;
+---------------------------------------------------------------------------+-----------------+-----------------+------------------------------------------------------------------+---------+


+---------------------------------------------------------+
; Analysis & Synthesis Resource Usage Summary             ;
+---------------------------------------------+-----------+
; Resource                                    ; Usage     ;
+---------------------------------------------+-----------+
; Estimated Total logic elements              ; 75        ;
;                                             ;           ;
; Total combinational functions               ; 75        ;
; Logic element usage by number of LUT inputs ;           ;
;     -- 4 input functions                    ; 18        ;
;     -- 3 input functions                    ; 15        ;
;     -- <=2 input functions                  ; 42        ;
;                                             ;           ;
; Logic elements by mode                      ;           ;
;     -- normal mode                          ; 44        ;
;     -- arithmetic mode                      ; 31        ;
;                                             ;           ;
; Total registers                             ; 37        ;
;     -- Dedicated logic registers            ; 37        ;
;     -- I/O registers                        ; 0         ;
;                                             ;           ;
; I/O pins                                    ; 21        ;
;                                             ;           ;
; Embedded Multiplier 9-bit elements          ; 0         ;
;                                             ;           ;
; Maximum fan-out node                        ; CLK~input ;
; Maximum fan-out                             ; 33        ;
; Total fan-out                               ; 306       ;
; Average fan-out                             ; 1.99      ;
+---------------------------------------------+-----------+


+----------------------------------------------------------------------------------------------------------------------------------------------------------------------------------------------------------------------------------------------------------------+
; Analysis & Synthesis Resource Utilization by Entity                                                                                                                                                                                                            ;
+-----------------------------+---------------------+---------------------------+-------------+------------+--------------+---------+-----------+------+--------------+------------+------------------------------------------------+-------------+--------------+
; Compilation Hierarchy Node  ; Combinational ALUTs ; Dedicated Logic Registers ; Memory Bits ; UFM Blocks ; DSP Elements ; DSP 9x9 ; DSP 18x18 ; Pins ; Virtual Pins ; ADC blocks ; Full Hierarchy Name                            ; Entity Name ; Library Name ;
+-----------------------------+---------------------+---------------------------+-------------+------------+--------------+---------+-----------+------+--------------+------------+------------------------------------------------+-------------+--------------+
; |Contador                   ; 75 (0)              ; 37 (0)                    ; 0           ; 0          ; 0            ; 0       ; 0         ; 21   ; 0            ; 0          ; |Contador                                      ; Contador    ; work         ;
;    |CLKDIV:UclkDIV|         ; 56 (56)             ; 33 (33)                   ; 0           ; 0          ; 0            ; 0       ; 0         ; 0    ; 0            ; 0          ; |Contador|CLKDIV:UclkDIV                       ; CLKDIV      ; work         ;
;    |CountUp:UCountUp|       ; 5 (1)               ; 4 (0)                     ; 0           ; 0          ; 0            ; 0       ; 0         ; 0    ; 0            ; 0          ; |Contador|CountUp:UCountUp                     ; CountUp     ; work         ;
;       |Reg:UReg|            ; 4 (0)               ; 4 (0)                     ; 0           ; 0          ; 0            ; 0       ; 0         ; 0    ; 0            ; 0          ; |Contador|CountUp:UCountUp|Reg:UReg            ; Reg         ; work         ;
;          |FFD:UFFD_0|       ; 1 (1)               ; 1 (1)                     ; 0           ; 0          ; 0            ; 0       ; 0         ; 0    ; 0            ; 0          ; |Contador|CountUp:UCountUp|Reg:UReg|FFD:UFFD_0 ; FFD         ; work         ;
;          |FFD:UFFD_1|       ; 1 (1)               ; 1 (1)                     ; 0           ; 0          ; 0            ; 0       ; 0         ; 0    ; 0            ; 0          ; |Contador|CountUp:UCountUp|Reg:UReg|FFD:UFFD_1 ; FFD         ; work         ;
;          |FFD:UFFD_2|       ; 1 (1)               ; 1 (1)                     ; 0           ; 0          ; 0            ; 0       ; 0         ; 0    ; 0            ; 0          ; |Contador|CountUp:UCountUp|Reg:UReg|FFD:UFFD_2 ; FFD         ; work         ;
;          |FFD:UFFD_3|       ; 1 (1)               ; 1 (1)                     ; 0           ; 0          ; 0            ; 0       ; 0         ; 0    ; 0            ; 0          ; |Contador|CountUp:UCountUp|Reg:UReg|FFD:UFFD_3 ; FFD         ; work         ;
;    |decoderHex:UdecoderHEX| ; 14 (11)             ; 0 (0)                     ; 0           ; 0          ; 0            ; 0       ; 0         ; 0    ; 0            ; 0          ; |Contador|decoderHex:UdecoderHEX               ; decoderHex  ; work         ;
;       |int7seg:U0|          ; 3 (3)               ; 0 (0)                     ; 0           ; 0          ; 0            ; 0       ; 0         ; 0    ; 0            ; 0          ; |Contador|decoderHex:UdecoderHEX|int7seg:U0    ; int7seg     ; work         ;
+-----------------------------+---------------------+---------------------------+-------------+------------+--------------+---------+-----------+------+--------------+------------+------------------------------------------------+-------------+--------------+
Note: For table entries with two numbers listed, the numbers in parentheses indicate the number of resources of the given type used by the specific entity alone. The numbers listed outside of parentheses indicate the total resources of the given type used by the specific entity and all of its sub-entities in the hierarchy.


+------------------------------------------------------+
; General Register Statistics                          ;
+----------------------------------------------+-------+
; Statistic                                    ; Value ;
+----------------------------------------------+-------+
; Total registers                              ; 37    ;
; Number of registers using Synchronous Clear  ; 0     ;
; Number of registers using Synchronous Load   ; 0     ;
; Number of registers using Asynchronous Clear ; 0     ;
; Number of registers using Asynchronous Load  ; 0     ;
; Number of registers using Clock Enable       ; 4     ;
; Number of registers using Preset             ; 0     ;
+----------------------------------------------+-------+


+--------------------------------------------------+
; Inverted Register Statistics                     ;
+----------------------------------------+---------+
; Inverted Register                      ; Fan out ;
+----------------------------------------+---------+
; CountUp:UCountUp|Reg:UReg|FFD:UFFD_0|Q ; 10      ;
; CountUp:UCountUp|Reg:UReg|FFD:UFFD_1|Q ; 9       ;
; CountUp:UCountUp|Reg:UReg|FFD:UFFD_2|Q ; 9       ;
; CountUp:UCountUp|Reg:UReg|FFD:UFFD_3|Q ; 10      ;
; CLKDIV:UclkDIV|count[0]                ; 2       ;
; Total number of inverted registers = 5 ;         ;
+----------------------------------------+---------+


+-------------------------------------------------------------+
; Parameter Settings for User Entity Instance: CLKDIV:UclkDIV ;
+----------------+----------+---------------------------------+
; Parameter Name ; Value    ; Type                            ;
+----------------+----------+---------------------------------+
; div            ; 50000000 ; Signed Integer                  ;
+----------------+----------+---------------------------------+
Note: In order to hide this table in the UI and the text report file, please set the "Show Parameter Settings in Synthesis Report" option in "Analysis and Synthesis Settings -> More Settings" to "Off".


+------------------------------------------------------------------+
; Port Connectivity Checks: "CountUp:UCountUp|Reg:UReg|FFD:UFFD_3" ;
+-------+-------+----------+---------------------------------------+
; Port  ; Type  ; Severity ; Details                               ;
+-------+-------+----------+---------------------------------------+
; reset ; Input ; Info     ; Stuck at GND                          ;
; set   ; Input ; Info     ; Stuck at GND                          ;
; en    ; Input ; Info     ; Stuck at VCC                          ;
+-------+-------+----------+---------------------------------------+


+------------------------------------------------------------------+
; Port Connectivity Checks: "CountUp:UCountUp|Reg:UReg|FFD:UFFD_2" ;
+-------+-------+----------+---------------------------------------+
; Port  ; Type  ; Severity ; Details                               ;
+-------+-------+----------+---------------------------------------+
; reset ; Input ; Info     ; Stuck at GND                          ;
; set   ; Input ; Info     ; Stuck at GND                          ;
; en    ; Input ; Info     ; Stuck at VCC                          ;
+-------+-------+----------+---------------------------------------+


+------------------------------------------------------------------+
; Port Connectivity Checks: "CountUp:UCountUp|Reg:UReg|FFD:UFFD_1" ;
+-------+-------+----------+---------------------------------------+
; Port  ; Type  ; Severity ; Details                               ;
+-------+-------+----------+---------------------------------------+
; reset ; Input ; Info     ; Stuck at GND                          ;
; set   ; Input ; Info     ; Stuck at GND                          ;
; en    ; Input ; Info     ; Stuck at VCC                          ;
+-------+-------+----------+---------------------------------------+


+------------------------------------------------------------------+
; Port Connectivity Checks: "CountUp:UCountUp|Reg:UReg|FFD:UFFD_0" ;
+-------+-------+----------+---------------------------------------+
; Port  ; Type  ; Severity ; Details                               ;
+-------+-------+----------+---------------------------------------+
; reset ; Input ; Info     ; Stuck at GND                          ;
; set   ; Input ; Info     ; Stuck at GND                          ;
; en    ; Input ; Info     ; Stuck at VCC                          ;
+-------+-------+----------+---------------------------------------+


+-------------------------------------------------------------------------------------------------------------------+
; Port Connectivity Checks: "CountUp:UCountUp|Full_Adder:UFull_Adder"                                               ;
+---------+--------+----------+-------------------------------------------------------------------------------------+
; Port    ; Type   ; Severity ; Details                                                                             ;
+---------+--------+----------+-------------------------------------------------------------------------------------+
; a[2..0] ; Input  ; Info     ; Stuck at GND                                                                        ;
; c0      ; Input  ; Info     ; Stuck at GND                                                                        ;
; c4      ; Output ; Info     ; Connected to dangling logic. Logic that only feeds a dangling port will be removed. ;
+---------+--------+----------+-------------------------------------------------------------------------------------+


+-----------------------------------------------------+
; Post-Synthesis Netlist Statistics for Top Partition ;
+-----------------------+-----------------------------+
; Type                  ; Count                       ;
+-----------------------+-----------------------------+
; boundary_port         ; 21                          ;
; cycloneiii_ff         ; 37                          ;
;     ENA               ; 4                           ;
;     plain             ; 33                          ;
; cycloneiii_lcell_comb ; 80                          ;
;     arith             ; 31                          ;
;         2 data inputs ; 31                          ;
;     normal            ; 49                          ;
;         0 data inputs ; 1                           ;
;         1 data inputs ; 10                          ;
;         2 data inputs ; 5                           ;
;         3 data inputs ; 15                          ;
;         4 data inputs ; 18                          ;
;                       ;                             ;
; Max LUT depth         ; 4.40                        ;
; Average LUT depth     ; 3.00                        ;
+-----------------------+-----------------------------+


+-------------------------------+
; Elapsed Time Per Partition    ;
+----------------+--------------+
; Partition Name ; Elapsed Time ;
+----------------+--------------+
; Top            ; 00:00:00     ;
+----------------+--------------+


+-------------------------------+
; Analysis & Synthesis Messages ;
+-------------------------------+
Info: *******************************************************************
Info: Running Quartus Prime Analysis & Synthesis
    Info: Version 19.1.0 Build 670 09/22/2019 SJ Lite Edition
    Info: Processing started: Fri Dec 16 12:26:16 2022
Info: Command: quartus_map --read_settings_files=on --write_settings_files=off Contador -c contador
Warning (18236): Number of processors has not been specified which may cause overloading on shared machines.  Set the global assignment NUM_PARALLEL_PROCESSORS in your QSF to an appropriate value for best performance.
Info (20030): Parallel compilation is enabled and will use 4 of the 4 processors detected
Info (12021): Found 2 design units, including 1 entities, in source file /users/leone/downloads/lsd_2223i_lab5_rev_24_11/int7seg.vhd
    Info (12022): Found design unit 1: int7seg-logicFunction File: C:/Users/leone/Downloads/LSD_2223i_LAB5_rev_24_11/int7seg.vhd Line: 10
    Info (12023): Found entity 1: int7seg File: C:/Users/leone/Downloads/LSD_2223i_LAB5_rev_24_11/int7seg.vhd Line: 4
Info (12021): Found 2 design units, including 1 entities, in source file /users/leone/downloads/lsd_2223i_lab5_rev_24_11/decoderhex.vhd
    Info (12022): Found design unit 1: decoderHex-logicFuntion File: C:/Users/leone/Downloads/LSD_2223i_LAB5_rev_24_11/decoderHex.vhd Line: 10
    Info (12023): Found entity 1: decoderHex File: C:/Users/leone/Downloads/LSD_2223i_LAB5_rev_24_11/decoderHex.vhd Line: 4
Info (12021): Found 2 design units, including 1 entities, in source file /leonel/isel/lsd/lab4/full_adder.vhd
    Info (12022): Found design unit 1: Full_Adder-arq_Full_Adder File: C:/Leonel/isel/lsd/lab4/Full_Adder.vhd Line: 12
    Info (12023): Found entity 1: Full_Adder File: C:/Leonel/isel/lsd/lab4/Full_Adder.vhd Line: 4
Info (12021): Found 2 design units, including 1 entities, in source file /leonel/isel/lsd/lab4/semi_adder.vhd
    Info (12022): Found design unit 1: semi_Adder-arq_semi_Adder File: C:/Leonel/isel/lsd/lab4/semi_Adder.vhd Line: 12
    Info (12023): Found entity 1: semi_Adder File: C:/Leonel/isel/lsd/lab4/semi_Adder.vhd Line: 4
Info (12021): Found 2 design units, including 1 entities, in source file mux2_1.vhd
    Info (12022): Found design unit 1: MUX2_1-arq_MUX2_1 File: C:/Leonel/isel/lsd/lab5/MUX2_1.vhd Line: 11
    Info (12023): Found entity 1: MUX2_1 File: C:/Leonel/isel/lsd/lab5/MUX2_1.vhd Line: 4
Info (12021): Found 2 design units, including 1 entities, in source file reg.vhd
    Info (12022): Found design unit 1: Reg-arq_Reg File: C:/Leonel/isel/lsd/lab5/Reg.vhd Line: 13
    Info (12023): Found entity 1: Reg File: C:/Leonel/isel/lsd/lab5/Reg.vhd Line: 4
Info (12021): Found 2 design units, including 1 entities, in source file countup.vhd
    Info (12022): Found design unit 1: CountUp-arq_CountUp File: C:/Leonel/isel/lsd/lab5/CountUp.vhd Line: 16
    Info (12023): Found entity 1: CountUp File: C:/Leonel/isel/lsd/lab5/CountUp.vhd Line: 4
Info (12021): Found 2 design units, including 1 entities, in source file /users/leone/downloads/lsd_2223i_lab5_rev_24_11/clkdiv.vhd
    Info (12022): Found design unit 1: CLKDIV-bhv File: C:/Users/leone/Downloads/LSD_2223i_LAB5_rev_24_11/clkDIV.vhd Line: 11
    Info (12023): Found entity 1: CLKDIV File: C:/Users/leone/Downloads/LSD_2223i_LAB5_rev_24_11/clkDIV.vhd Line: 5
Info (12021): Found 2 design units, including 1 entities, in source file /users/leone/downloads/lsd_2223i_lab5_rev_24_11/ffd.vhd
    Info (12022): Found design unit 1: FFD-logicFunction File: C:/Users/leone/Downloads/LSD_2223i_LAB5_rev_24_11/FFD.vhd Line: 14
    Info (12023): Found entity 1: FFD File: C:/Users/leone/Downloads/LSD_2223i_LAB5_rev_24_11/FFD.vhd Line: 4
Info (12021): Found 2 design units, including 1 entities, in source file contador.vhd
    Info (12022): Found design unit 1: Contador-arq_Contador File: C:/Leonel/isel/lsd/lab5/Contador.vhd Line: 18
    Info (12023): Found entity 1: Contador File: C:/Leonel/isel/lsd/lab5/Contador.vhd Line: 4
Info (12127): Elaborating entity "Contador" for the top level hierarchy
Info (12128): Elaborating entity "CLKDIV" for hierarchy "CLKDIV:UclkDIV" File: C:/Leonel/isel/lsd/lab5/Contador.vhd Line: 52
Info (12128): Elaborating entity "CountUp" for hierarchy "CountUp:UCountUp" File: C:/Leonel/isel/lsd/lab5/Contador.vhd Line: 57
Critical Warning (10920): VHDL Incomplete Partial Association warning at CountUp.vhd(48): port or argument "A" has 1/4 unassociated elements File: C:/Leonel/isel/lsd/lab5/CountUp.vhd Line: 48
Info (12128): Elaborating entity "Full_Adder" for hierarchy "CountUp:UCountUp|Full_Adder:UFull_Adder" File: C:/Leonel/isel/lsd/lab5/CountUp.vhd Line: 48
Info (12128): Elaborating entity "semi_Adder" for hierarchy "CountUp:UCountUp|Full_Adder:UFull_Adder|semi_Adder:Usemi_Adder_1" File: C:/Leonel/isel/lsd/lab4/Full_Adder.vhd Line: 27
Info (12128): Elaborating entity "MUX2_1" for hierarchy "CountUp:UCountUp|MUX2_1:UMux2_1_0" File: C:/Leonel/isel/lsd/lab5/CountUp.vhd Line: 57
Info (12128): Elaborating entity "Reg" for hierarchy "CountUp:UCountUp|Reg:UReg" File: C:/Leonel/isel/lsd/lab5/CountUp.vhd Line: 84
Info (12128): Elaborating entity "FFD" for hierarchy "CountUp:UCountUp|Reg:UReg|FFD:UFFD_0" File: C:/Leonel/isel/lsd/lab5/Reg.vhd Line: 26
Info (12128): Elaborating entity "decoderHex" for hierarchy "decoderHex:UdecoderHEX" File: C:/Leonel/isel/lsd/lab5/Contador.vhd Line: 66
Info (12128): Elaborating entity "int7seg" for hierarchy "decoderHex:UdecoderHEX|int7seg:U0" File: C:/Users/leone/Downloads/LSD_2223i_LAB5_rev_24_11/decoderHex.vhd Line: 26
Warning (13024): Output pins are stuck at VCC or GND
    Warning (13410): Pin "R[7]" is stuck at VCC File: C:/Leonel/isel/lsd/lab5/Contador.vhd Line: 13
Info (286030): Timing-Driven Synthesis is running
Info (16010): Generating hard_block partition "hard_block:auto_generated_inst"
    Info (16011): Adding 0 node(s), including 0 DDIO, 0 PLL, 0 transceiver and 0 LCELL
Warning (21074): Design contains 1 input pin(s) that do not drive logic
    Warning (15610): No output dependent on input pin "CE" File: C:/Leonel/isel/lsd/lab5/Contador.vhd Line: 9
Info (21057): Implemented 96 device resources after synthesis - the final resource count might be different
    Info (21058): Implemented 8 input pins
    Info (21059): Implemented 13 output pins
    Info (21061): Implemented 75 logic cells
Info: Quartus Prime Analysis & Synthesis was successful. 0 errors, 6 warnings
    Info: Peak virtual memory: 4784 megabytes
    Info: Processing ended: Fri Dec 16 12:26:27 2022
    Info: Elapsed time: 00:00:11
    Info: Total CPU time (on all processors): 00:00:10


