Analysis & Synthesis report for SpaceInvaders
Fri Mar  1 15:23:40 2024
Quartus Prime Version 23.1std.0 Build 991 11/28/2023 SC Lite Edition


---------------------
; Table of Contents ;
---------------------
  1. Legal Notice
  2. Analysis & Synthesis Summary
  3. Analysis & Synthesis Settings
  4. Parallel Compilation
  5. Analysis & Synthesis Source Files Read
  6. Analysis & Synthesis Resource Usage Summary
  7. Analysis & Synthesis Resource Utilization by Entity
  8. Registers Removed During Synthesis
  9. General Register Statistics
 10. Inverted Register Statistics
 11. Port Connectivity Checks: "CountUp:Cont|Reg:UReg|FFD:UFFD_3"
 12. Port Connectivity Checks: "CountUp:Cont|Reg:UReg|FFD:UFFD_2"
 13. Port Connectivity Checks: "CountUp:Cont|Reg:UReg|FFD:UFFD_1"
 14. Port Connectivity Checks: "CountUp:Cont|Reg:UReg|FFD:UFFD_0"
 15. Port Connectivity Checks: "CountUp:Cont|Full_Adder:UFull_Adder"
 16. Port Connectivity Checks: "CountUp:Cont"
 17. Port Connectivity Checks: "Decoder:Dec"
 18. Post-Synthesis Netlist Statistics for Top Partition
 19. Elapsed Time Per Partition
 20. Analysis & Synthesis Messages



----------------
; Legal Notice ;
----------------
Copyright (C) 2023  Intel Corporation. All rights reserved.
Your use of Intel Corporation's design tools, logic functions 
and other software and tools, and any partner logic 
functions, and any output files from any of the foregoing 
(including device programming or simulation files), and any 
associated documentation or information are expressly subject 
to the terms and conditions of the Intel Program License 
Subscription Agreement, the Intel Quartus Prime License Agreement,
the Intel FPGA IP License Agreement, or other applicable license
agreement, including, without limitation, that your use is for
the sole purpose of programming logic devices manufactured by
Intel and sold by Intel or its authorized distributors.  Please
refer to the applicable agreement for further details, at
https://fpgasoftware.intel.com/eula.



+-------------------------------------------------------------------------------------+
; Analysis & Synthesis Summary                                                        ;
+------------------------------------+------------------------------------------------+
; Analysis & Synthesis Status        ; Successful - Fri Mar  1 15:23:40 2024          ;
; Quartus Prime Version              ; 23.1std.0 Build 991 11/28/2023 SC Lite Edition ;
; Revision Name                      ; SpaceInvaders                                  ;
; Top-level Entity Name              ; keyscan                                        ;
; Family                             ; MAX 10                                         ;
; Total logic elements               ; 2                                              ;
;     Total combinational functions  ; 2                                              ;
;     Dedicated logic registers      ; 1                                              ;
; Total registers                    ; 1                                              ;
; Total pins                         ; 15                                             ;
; Total virtual pins                 ; 0                                              ;
; Total memory bits                  ; 0                                              ;
; Embedded Multiplier 9-bit elements ; 0                                              ;
; Total PLLs                         ; 0                                              ;
; UFM blocks                         ; 0                                              ;
; ADC blocks                         ; 0                                              ;
+------------------------------------+------------------------------------------------+


+------------------------------------------------------------------------------------------------------------+
; Analysis & Synthesis Settings                                                                              ;
+------------------------------------------------------------------+--------------------+--------------------+
; Option                                                           ; Setting            ; Default Value      ;
+------------------------------------------------------------------+--------------------+--------------------+
; Device                                                           ; 10M50DAF484C6GES   ;                    ;
; Top-level entity name                                            ; keyscan            ; SpaceInvaders      ;
; Family name                                                      ; MAX 10             ; Cyclone V          ;
; Use smart compilation                                            ; Off                ; Off                ;
; Enable parallel Assembler and Timing Analyzer during compilation ; On                 ; On                 ;
; Enable compact report table                                      ; Off                ; Off                ;
; Restructure Multiplexers                                         ; Auto               ; Auto               ;
; Create Debugging Nodes for IP Cores                              ; Off                ; Off                ;
; Preserve fewer node names                                        ; On                 ; On                 ;
; Intel FPGA IP Evaluation Mode                                    ; Enable             ; Enable             ;
; Verilog Version                                                  ; Verilog_2001       ; Verilog_2001       ;
; VHDL Version                                                     ; VHDL_1993          ; VHDL_1993          ;
; State Machine Processing                                         ; Auto               ; Auto               ;
; Safe State Machine                                               ; Off                ; Off                ;
; Extract Verilog State Machines                                   ; On                 ; On                 ;
; Extract VHDL State Machines                                      ; On                 ; On                 ;
; Ignore Verilog initial constructs                                ; Off                ; Off                ;
; Iteration limit for constant Verilog loops                       ; 5000               ; 5000               ;
; Iteration limit for non-constant Verilog loops                   ; 250                ; 250                ;
; Add Pass-Through Logic to Inferred RAMs                          ; On                 ; On                 ;
; Infer RAMs from Raw Logic                                        ; On                 ; On                 ;
; Parallel Synthesis                                               ; On                 ; On                 ;
; DSP Block Balancing                                              ; Auto               ; Auto               ;
; NOT Gate Push-Back                                               ; On                 ; On                 ;
; Power-Up Don't Care                                              ; On                 ; On                 ;
; Remove Redundant Logic Cells                                     ; Off                ; Off                ;
; Remove Duplicate Registers                                       ; On                 ; On                 ;
; Ignore CARRY Buffers                                             ; Off                ; Off                ;
; Ignore CASCADE Buffers                                           ; Off                ; Off                ;
; Ignore GLOBAL Buffers                                            ; Off                ; Off                ;
; Ignore ROW GLOBAL Buffers                                        ; Off                ; Off                ;
; Ignore LCELL Buffers                                             ; Off                ; Off                ;
; Ignore SOFT Buffers                                              ; On                 ; On                 ;
; Limit AHDL Integers to 32 Bits                                   ; Off                ; Off                ;
; Optimization Technique                                           ; Balanced           ; Balanced           ;
; Carry Chain Length                                               ; 70                 ; 70                 ;
; Auto Carry Chains                                                ; On                 ; On                 ;
; Auto Open-Drain Pins                                             ; On                 ; On                 ;
; Perform WYSIWYG Primitive Resynthesis                            ; Off                ; Off                ;
; Auto ROM Replacement                                             ; On                 ; On                 ;
; Auto RAM Replacement                                             ; On                 ; On                 ;
; Auto DSP Block Replacement                                       ; On                 ; On                 ;
; Auto Shift Register Replacement                                  ; Auto               ; Auto               ;
; Allow Shift Register Merging across Hierarchies                  ; Auto               ; Auto               ;
; Auto Clock Enable Replacement                                    ; On                 ; On                 ;
; Strict RAM Replacement                                           ; Off                ; Off                ;
; Allow Synchronous Control Signals                                ; On                 ; On                 ;
; Force Use of Synchronous Clear Signals                           ; Off                ; Off                ;
; Auto RAM Block Balancing                                         ; On                 ; On                 ;
; Auto RAM to Logic Cell Conversion                                ; Off                ; Off                ;
; Auto Resource Sharing                                            ; Off                ; Off                ;
; Allow Any RAM Size For Recognition                               ; Off                ; Off                ;
; Allow Any ROM Size For Recognition                               ; Off                ; Off                ;
; Allow Any Shift Register Size For Recognition                    ; Off                ; Off                ;
; Use LogicLock Constraints during Resource Balancing              ; On                 ; On                 ;
; Ignore translate_off and synthesis_off directives                ; Off                ; Off                ;
; Timing-Driven Synthesis                                          ; On                 ; On                 ;
; Report Parameter Settings                                        ; On                 ; On                 ;
; Report Source Assignments                                        ; On                 ; On                 ;
; Report Connectivity Checks                                       ; On                 ; On                 ;
; Ignore Maximum Fan-Out Assignments                               ; Off                ; Off                ;
; Synchronization Register Chain Length                            ; 2                  ; 2                  ;
; Power Optimization During Synthesis                              ; Normal compilation ; Normal compilation ;
; HDL message level                                                ; Level2             ; Level2             ;
; Suppress Register Optimization Related Messages                  ; Off                ; Off                ;
; Number of Removed Registers Reported in Synthesis Report         ; 5000               ; 5000               ;
; Number of Swept Nodes Reported in Synthesis Report               ; 5000               ; 5000               ;
; Number of Inverted Registers Reported in Synthesis Report        ; 100                ; 100                ;
; Clock MUX Protection                                             ; On                 ; On                 ;
; Auto Gated Clock Conversion                                      ; Off                ; Off                ;
; Block Design Naming                                              ; Auto               ; Auto               ;
; SDC constraint protection                                        ; Off                ; Off                ;
; Synthesis Effort                                                 ; Auto               ; Auto               ;
; Shift Register Replacement - Allow Asynchronous Clear Signal     ; On                 ; On                 ;
; Pre-Mapping Resynthesis Optimization                             ; Off                ; Off                ;
; Analysis & Synthesis Message Level                               ; Medium             ; Medium             ;
; Disable Register Merging Across Hierarchies                      ; Auto               ; Auto               ;
; Resource Aware Inference For Block RAM                           ; On                 ; On                 ;
+------------------------------------------------------------------+--------------------+--------------------+


+------------------------------------------+
; Parallel Compilation                     ;
+----------------------------+-------------+
; Processors                 ; Number      ;
+----------------------------+-------------+
; Number detected on machine ; 8           ;
; Maximum allowed            ; 4           ;
;                            ;             ;
; Average used               ; 1.00        ;
; Maximum used               ; 4           ;
;                            ;             ;
; Usage by Processor         ; % Time Used ;
;     Processor 1            ; 100.0%      ;
;     Processors 2-4         ;   0.0%      ;
+----------------------------+-------------+


+---------------------------------------------------------------------------------------------------------------------------------------------------------------+
; Analysis & Synthesis Source Files Read                                                                                                                        ;
+----------------------------------+-----------------+-----------------+------------------------------------------------------------------------------+---------+
; File Name with User-Entered Path ; Used in Netlist ; File Type       ; File Name with Absolute Path                                                 ; Library ;
+----------------------------------+-----------------+-----------------+------------------------------------------------------------------------------+---------+
; Decoder.vhd                      ; yes             ; User VHDL File  ; C:/Leonel/Isel/UCs/rep-geral-G14_github/LIC/Trabalho/Trabalho/Decoder.vhd    ;         ;
; MUX4_1.vhd                       ; yes             ; User VHDL File  ; C:/Leonel/Isel/UCs/rep-geral-G14_github/LIC/Trabalho/Trabalho/MUX4_1.vhd     ;         ;
; keyscan.vhd                      ; yes             ; User VHDL File  ; C:/Leonel/Isel/UCs/rep-geral-G14_github/LIC/Trabalho/Trabalho/keyscan.vhd    ;         ;
; ../FFD.vhd                       ; yes             ; User VHDL File  ; C:/Leonel/Isel/UCs/rep-geral-G14_github/LIC/Trabalho/Trabalho/FFD.vhd        ;         ;
; Full_Adder.vhd                   ; yes             ; User VHDL File  ; C:/Leonel/Isel/UCs/rep-geral-G14_github/LIC/Trabalho/Trabalho/Full_Adder.vhd ;         ;
; MUX2_1.vhd                       ; yes             ; User VHDL File  ; C:/Leonel/Isel/UCs/rep-geral-G14_github/LIC/Trabalho/Trabalho/MUX2_1.vhd     ;         ;
; Reg.vhd                          ; yes             ; User VHDL File  ; C:/Leonel/Isel/UCs/rep-geral-G14_github/LIC/Trabalho/Trabalho/Reg.vhd        ;         ;
; semi_Adder.vhd                   ; yes             ; User VHDL File  ; C:/Leonel/Isel/UCs/rep-geral-G14_github/LIC/Trabalho/Trabalho/semi_Adder.vhd ;         ;
; Countup.vhd                      ; yes             ; User VHDL File  ; C:/Leonel/Isel/UCs/rep-geral-G14_github/LIC/Trabalho/Trabalho/Countup.vhd    ;         ;
+----------------------------------+-----------------+-----------------+------------------------------------------------------------------------------+---------+


+----------------------------------------------------------------------------------+
; Analysis & Synthesis Resource Usage Summary                                      ;
+---------------------------------------------+------------------------------------+
; Resource                                    ; Usage                              ;
+---------------------------------------------+------------------------------------+
; Estimated Total logic elements              ; 2                                  ;
;                                             ;                                    ;
; Total combinational functions               ; 2                                  ;
; Logic element usage by number of LUT inputs ;                                    ;
;     -- 4 input functions                    ; 0                                  ;
;     -- 3 input functions                    ; 1                                  ;
;     -- <=2 input functions                  ; 1                                  ;
;                                             ;                                    ;
; Logic elements by mode                      ;                                    ;
;     -- normal mode                          ; 2                                  ;
;     -- arithmetic mode                      ; 0                                  ;
;                                             ;                                    ;
; Total registers                             ; 1                                  ;
;     -- Dedicated logic registers            ; 1                                  ;
;     -- I/O registers                        ; 0                                  ;
;                                             ;                                    ;
; I/O pins                                    ; 15                                 ;
;                                             ;                                    ;
; Embedded Multiplier 9-bit elements          ; 0                                  ;
;                                             ;                                    ;
; Maximum fan-out node                        ; CountUp:Cont|Reg:UReg|FFD:UFFD_0|Q ;
; Maximum fan-out                             ; 7                                  ;
; Total fan-out                               ; 28                                 ;
; Average fan-out                             ; 0.85                               ;
+---------------------------------------------+------------------------------------+


+----------------------------------------------------------------------------------------------------------------------------------------------------------------------------------------------------------------------------------------------------------+
; Analysis & Synthesis Resource Utilization by Entity                                                                                                                                                                                                      ;
+----------------------------+---------------------+---------------------------+-------------+------------+--------------+---------+-----------+------+--------------+------------+-------------------------------------------+-------------+--------------+
; Compilation Hierarchy Node ; Combinational ALUTs ; Dedicated Logic Registers ; Memory Bits ; UFM Blocks ; DSP Elements ; DSP 9x9 ; DSP 18x18 ; Pins ; Virtual Pins ; ADC blocks ; Full Hierarchy Name                       ; Entity Name ; Library Name ;
+----------------------------+---------------------+---------------------------+-------------+------------+--------------+---------+-----------+------+--------------+------------+-------------------------------------------+-------------+--------------+
; |keyscan                   ; 2 (0)               ; 1 (0)                     ; 0           ; 0          ; 0            ; 0       ; 0         ; 15   ; 0            ; 0          ; |keyscan                                  ; keyscan     ; work         ;
;    |CountUp:Cont|          ; 1 (0)               ; 1 (0)                     ; 0           ; 0          ; 0            ; 0       ; 0         ; 0    ; 0            ; 0          ; |keyscan|CountUp:Cont                     ; CountUp     ; work         ;
;       |MUX2_1:UMux2_1_0|   ; 1 (1)               ; 0 (0)                     ; 0           ; 0          ; 0            ; 0       ; 0         ; 0    ; 0            ; 0          ; |keyscan|CountUp:Cont|MUX2_1:UMux2_1_0    ; MUX2_1      ; work         ;
;       |Reg:UReg|           ; 0 (0)               ; 1 (0)                     ; 0           ; 0          ; 0            ; 0       ; 0         ; 0    ; 0            ; 0          ; |keyscan|CountUp:Cont|Reg:UReg            ; Reg         ; work         ;
;          |FFD:UFFD_0|      ; 0 (0)               ; 1 (1)                     ; 0           ; 0          ; 0            ; 0       ; 0         ; 0    ; 0            ; 0          ; |keyscan|CountUp:Cont|Reg:UReg|FFD:UFFD_0 ; FFD         ; work         ;
;    |MUX4_1:MUX|            ; 1 (1)               ; 0 (0)                     ; 0           ; 0          ; 0            ; 0       ; 0         ; 0    ; 0            ; 0          ; |keyscan|MUX4_1:MUX                       ; MUX4_1      ; work         ;
+----------------------------+---------------------+---------------------------+-------------+------------+--------------+---------+-----------+------+--------------+------------+-------------------------------------------+-------------+--------------+
Note: For table entries with two numbers listed, the numbers in parentheses indicate the number of resources of the given type used by the specific entity alone. The numbers listed outside of parentheses indicate the total resources of the given type used by the specific entity and all of its sub-entities in the hierarchy.


+----------------------------------------------------------------------------------------+
; Registers Removed During Synthesis                                                     ;
+---------------------------------------+------------------------------------------------+
; Register name                         ; Reason for Removal                             ;
+---------------------------------------+------------------------------------------------+
; CountUp:Cont|Reg:UReg|FFD:UFFD_1|Q    ; Merged with CountUp:Cont|Reg:UReg|FFD:UFFD_0|Q ;
; CountUp:Cont|Reg:UReg|FFD:UFFD_2|Q    ; Merged with CountUp:Cont|Reg:UReg|FFD:UFFD_0|Q ;
; CountUp:Cont|Reg:UReg|FFD:UFFD_3|Q    ; Merged with CountUp:Cont|Reg:UReg|FFD:UFFD_0|Q ;
; Total Number of Removed Registers = 3 ;                                                ;
+---------------------------------------+------------------------------------------------+


+------------------------------------------------------+
; General Register Statistics                          ;
+----------------------------------------------+-------+
; Statistic                                    ; Value ;
+----------------------------------------------+-------+
; Total registers                              ; 1     ;
; Number of registers using Synchronous Clear  ; 0     ;
; Number of registers using Synchronous Load   ; 0     ;
; Number of registers using Asynchronous Clear ; 0     ;
; Number of registers using Asynchronous Load  ; 0     ;
; Number of registers using Clock Enable       ; 0     ;
; Number of registers using Preset             ; 0     ;
+----------------------------------------------+-------+


+--------------------------------------------------+
; Inverted Register Statistics                     ;
+----------------------------------------+---------+
; Inverted Register                      ; Fan out ;
+----------------------------------------+---------+
; CountUp:Cont|Reg:UReg|FFD:UFFD_0|Q     ; 7       ;
; Total number of inverted registers = 1 ;         ;
+----------------------------------------+---------+


+--------------------------------------------------------------+
; Port Connectivity Checks: "CountUp:Cont|Reg:UReg|FFD:UFFD_3" ;
+-------+-------+----------+-----------------------------------+
; Port  ; Type  ; Severity ; Details                           ;
+-------+-------+----------+-----------------------------------+
; reset ; Input ; Info     ; Stuck at GND                      ;
; set   ; Input ; Info     ; Stuck at GND                      ;
; en    ; Input ; Info     ; Stuck at VCC                      ;
+-------+-------+----------+-----------------------------------+


+--------------------------------------------------------------+
; Port Connectivity Checks: "CountUp:Cont|Reg:UReg|FFD:UFFD_2" ;
+-------+-------+----------+-----------------------------------+
; Port  ; Type  ; Severity ; Details                           ;
+-------+-------+----------+-----------------------------------+
; reset ; Input ; Info     ; Stuck at GND                      ;
; set   ; Input ; Info     ; Stuck at GND                      ;
; en    ; Input ; Info     ; Stuck at VCC                      ;
+-------+-------+----------+-----------------------------------+


+--------------------------------------------------------------+
; Port Connectivity Checks: "CountUp:Cont|Reg:UReg|FFD:UFFD_1" ;
+-------+-------+----------+-----------------------------------+
; Port  ; Type  ; Severity ; Details                           ;
+-------+-------+----------+-----------------------------------+
; reset ; Input ; Info     ; Stuck at GND                      ;
; set   ; Input ; Info     ; Stuck at GND                      ;
; en    ; Input ; Info     ; Stuck at VCC                      ;
+-------+-------+----------+-----------------------------------+


+--------------------------------------------------------------+
; Port Connectivity Checks: "CountUp:Cont|Reg:UReg|FFD:UFFD_0" ;
+-------+-------+----------+-----------------------------------+
; Port  ; Type  ; Severity ; Details                           ;
+-------+-------+----------+-----------------------------------+
; reset ; Input ; Info     ; Stuck at GND                      ;
; set   ; Input ; Info     ; Stuck at GND                      ;
; en    ; Input ; Info     ; Stuck at VCC                      ;
+-------+-------+----------+-----------------------------------+


+-------------------------------------------------------------------------------------------------------------------+
; Port Connectivity Checks: "CountUp:Cont|Full_Adder:UFull_Adder"                                                   ;
+---------+--------+----------+-------------------------------------------------------------------------------------+
; Port    ; Type   ; Severity ; Details                                                                             ;
+---------+--------+----------+-------------------------------------------------------------------------------------+
; a[2..0] ; Input  ; Info     ; Stuck at GND                                                                        ;
; c0      ; Input  ; Info     ; Stuck at GND                                                                        ;
; c4      ; Output ; Info     ; Connected to dangling logic. Logic that only feeds a dangling port will be removed. ;
+---------+--------+----------+-------------------------------------------------------------------------------------+


+----------------------------------------------------------------------------------------------------------------+
; Port Connectivity Checks: "CountUp:Cont"                                                                       ;
+------+--------+----------+-------------------------------------------------------------------------------------+
; Port ; Type   ; Severity ; Details                                                                             ;
+------+--------+----------+-------------------------------------------------------------------------------------+
; d    ; Input  ; Info     ; Stuck at GND                                                                        ;
; tc   ; Output ; Info     ; Connected to dangling logic. Logic that only feeds a dangling port will be removed. ;
+------+--------+----------+-------------------------------------------------------------------------------------+


+----------------------------------------------------------------------------------------------------------------+
; Port Connectivity Checks: "Decoder:Dec"                                                                        ;
+------+--------+----------+-------------------------------------------------------------------------------------+
; Port ; Type   ; Severity ; Details                                                                             ;
+------+--------+----------+-------------------------------------------------------------------------------------+
; o[3] ; Output ; Info     ; Connected to dangling logic. Logic that only feeds a dangling port will be removed. ;
+------+--------+----------+-------------------------------------------------------------------------------------+


+-----------------------------------------------------+
; Post-Synthesis Netlist Statistics for Top Partition ;
+-----------------------+-----------------------------+
; Type                  ; Count                       ;
+-----------------------+-----------------------------+
; boundary_port         ; 15                          ;
; cycloneiii_ff         ; 1                           ;
;     plain             ; 1                           ;
; cycloneiii_lcell_comb ; 5                           ;
;     normal            ; 5                           ;
;         0 data inputs ; 1                           ;
;         1 data inputs ; 2                           ;
;         2 data inputs ; 1                           ;
;         3 data inputs ; 1                           ;
;                       ;                             ;
; Max LUT depth         ; 2.00                        ;
; Average LUT depth     ; 1.30                        ;
+-----------------------+-----------------------------+


+-------------------------------+
; Elapsed Time Per Partition    ;
+----------------+--------------+
; Partition Name ; Elapsed Time ;
+----------------+--------------+
; Top            ; 00:00:00     ;
+----------------+--------------+


+-------------------------------+
; Analysis & Synthesis Messages ;
+-------------------------------+
Info: *******************************************************************
Info: Running Quartus Prime Analysis & Synthesis
    Info: Version 23.1std.0 Build 991 11/28/2023 SC Lite Edition
    Info: Processing started: Fri Mar  1 15:23:28 2024
Info: Command: quartus_map --read_settings_files=on --write_settings_files=off keyscan -c SpaceInvaders
Warning (18236): Number of processors has not been specified which may cause overloading on shared machines.  Set the global assignment NUM_PARALLEL_PROCESSORS in your QSF to an appropriate value for best performance.
Info (20030): Parallel compilation is enabled and will use 4 of the 4 processors detected
Info (12021): Found 2 design units, including 1 entities, in source file decoder.vhd
    Info (12022): Found design unit 1: Decoder-arq_decoder File: C:/Leonel/Isel/UCs/rep-geral-G14_github/LIC/Trabalho/Trabalho/Decoder.vhd Line: 11
    Info (12023): Found entity 1: Decoder File: C:/Leonel/Isel/UCs/rep-geral-G14_github/LIC/Trabalho/Trabalho/Decoder.vhd Line: 4
Info (12021): Found 2 design units, including 1 entities, in source file mux4_1.vhd
    Info (12022): Found design unit 1: mux4_1-arq_mux4_1 File: C:/Leonel/Isel/UCs/rep-geral-G14_github/LIC/Trabalho/Trabalho/MUX4_1.vhd Line: 10
    Info (12023): Found entity 1: MUX4_1 File: C:/Leonel/Isel/UCs/rep-geral-G14_github/LIC/Trabalho/Trabalho/MUX4_1.vhd Line: 4
Info (12021): Found 2 design units, including 1 entities, in source file keyscan.vhd
    Info (12022): Found design unit 1: keyscan-structural File: C:/Leonel/Isel/UCs/rep-geral-G14_github/LIC/Trabalho/Trabalho/keyscan.vhd Line: 14
    Info (12023): Found entity 1: keyscan File: C:/Leonel/Isel/UCs/rep-geral-G14_github/LIC/Trabalho/Trabalho/keyscan.vhd Line: 4
Info (12021): Found 2 design units, including 1 entities, in source file ffd.vhd
    Info (12022): Found design unit 1: FFD-logicFunction File: C:/Leonel/Isel/UCs/rep-geral-G14_github/LIC/Trabalho/Trabalho/FFD.vhd Line: 14
    Info (12023): Found entity 1: FFD File: C:/Leonel/Isel/UCs/rep-geral-G14_github/LIC/Trabalho/Trabalho/FFD.vhd Line: 4
Info (12021): Found 2 design units, including 1 entities, in source file keyscan_tb.vhd
    Info (12022): Found design unit 1: keyscan_tb-keyscan_tb_arc File: C:/Leonel/Isel/UCs/rep-geral-G14_github/LIC/Trabalho/Trabalho/keyscan_tb.vhd Line: 7
    Info (12023): Found entity 1: keyscan_tb File: C:/Leonel/Isel/UCs/rep-geral-G14_github/LIC/Trabalho/Trabalho/keyscan_tb.vhd Line: 4
Info (12021): Found 2 design units, including 1 entities, in source file full_adder.vhd
    Info (12022): Found design unit 1: Full_Adder-arq_Full_Adder File: C:/Leonel/Isel/UCs/rep-geral-G14_github/LIC/Trabalho/Trabalho/Full_Adder.vhd Line: 12
    Info (12023): Found entity 1: Full_Adder File: C:/Leonel/Isel/UCs/rep-geral-G14_github/LIC/Trabalho/Trabalho/Full_Adder.vhd Line: 4
Info (12021): Found 2 design units, including 1 entities, in source file mux2_1.vhd
    Info (12022): Found design unit 1: MUX2_1-arq_MUX2_1 File: C:/Leonel/Isel/UCs/rep-geral-G14_github/LIC/Trabalho/Trabalho/MUX2_1.vhd Line: 11
    Info (12023): Found entity 1: MUX2_1 File: C:/Leonel/Isel/UCs/rep-geral-G14_github/LIC/Trabalho/Trabalho/MUX2_1.vhd Line: 4
Info (12021): Found 2 design units, including 1 entities, in source file reg.vhd
    Info (12022): Found design unit 1: Reg-arq_Reg File: C:/Leonel/Isel/UCs/rep-geral-G14_github/LIC/Trabalho/Trabalho/Reg.vhd Line: 13
    Info (12023): Found entity 1: Reg File: C:/Leonel/Isel/UCs/rep-geral-G14_github/LIC/Trabalho/Trabalho/Reg.vhd Line: 4
Info (12021): Found 2 design units, including 1 entities, in source file semi_adder.vhd
    Info (12022): Found design unit 1: semi_Adder-arq_semi_Adder File: C:/Leonel/Isel/UCs/rep-geral-G14_github/LIC/Trabalho/Trabalho/semi_Adder.vhd Line: 12
    Info (12023): Found entity 1: semi_Adder File: C:/Leonel/Isel/UCs/rep-geral-G14_github/LIC/Trabalho/Trabalho/semi_Adder.vhd Line: 4
Info (12021): Found 2 design units, including 1 entities, in source file countup.vhd
    Info (12022): Found design unit 1: CountUp-arq_CountUp File: C:/Leonel/Isel/UCs/rep-geral-G14_github/LIC/Trabalho/Trabalho/Countup.vhd Line: 16
    Info (12023): Found entity 1: CountUp File: C:/Leonel/Isel/UCs/rep-geral-G14_github/LIC/Trabalho/Trabalho/Countup.vhd Line: 4
Info (12127): Elaborating entity "keyscan" for the top level hierarchy
Critical Warning (10920): VHDL Incomplete Partial Association warning at keyscan.vhd(62): port or argument "O" has 1/4 unassociated elements File: C:/Leonel/Isel/UCs/rep-geral-G14_github/LIC/Trabalho/Trabalho/keyscan.vhd Line: 62
Info (12128): Elaborating entity "MUX4_1" for hierarchy "MUX4_1:MUX" File: C:/Leonel/Isel/UCs/rep-geral-G14_github/LIC/Trabalho/Trabalho/keyscan.vhd Line: 52
Info (12128): Elaborating entity "Decoder" for hierarchy "Decoder:Dec" File: C:/Leonel/Isel/UCs/rep-geral-G14_github/LIC/Trabalho/Trabalho/keyscan.vhd Line: 62
Info (12128): Elaborating entity "CountUp" for hierarchy "CountUp:Cont" File: C:/Leonel/Isel/UCs/rep-geral-G14_github/LIC/Trabalho/Trabalho/keyscan.vhd Line: 70
Critical Warning (10920): VHDL Incomplete Partial Association warning at Countup.vhd(48): port or argument "A" has 1/4 unassociated elements File: C:/Leonel/Isel/UCs/rep-geral-G14_github/LIC/Trabalho/Trabalho/Countup.vhd Line: 48
Info (12128): Elaborating entity "Full_Adder" for hierarchy "CountUp:Cont|Full_Adder:UFull_Adder" File: C:/Leonel/Isel/UCs/rep-geral-G14_github/LIC/Trabalho/Trabalho/Countup.vhd Line: 48
Info (12128): Elaborating entity "semi_Adder" for hierarchy "CountUp:Cont|Full_Adder:UFull_Adder|semi_Adder:Usemi_Adder_1" File: C:/Leonel/Isel/UCs/rep-geral-G14_github/LIC/Trabalho/Trabalho/Full_Adder.vhd Line: 27
Info (12128): Elaborating entity "MUX2_1" for hierarchy "CountUp:Cont|MUX2_1:UMux2_1_0" File: C:/Leonel/Isel/UCs/rep-geral-G14_github/LIC/Trabalho/Trabalho/Countup.vhd Line: 57
Info (12128): Elaborating entity "Reg" for hierarchy "CountUp:Cont|Reg:UReg" File: C:/Leonel/Isel/UCs/rep-geral-G14_github/LIC/Trabalho/Trabalho/Countup.vhd Line: 84
Info (12128): Elaborating entity "FFD" for hierarchy "CountUp:Cont|Reg:UReg|FFD:UFFD_0" File: C:/Leonel/Isel/UCs/rep-geral-G14_github/LIC/Trabalho/Trabalho/Reg.vhd Line: 26
Warning (13024): Output pins are stuck at VCC or GND
    Warning (13410): Pin "DecOut[1]" is stuck at VCC File: C:/Leonel/Isel/UCs/rep-geral-G14_github/LIC/Trabalho/Trabalho/keyscan.vhd Line: 9
    Warning (13410): Pin "DecOut[2]" is stuck at VCC File: C:/Leonel/Isel/UCs/rep-geral-G14_github/LIC/Trabalho/Trabalho/keyscan.vhd Line: 9
Info (286030): Timing-Driven Synthesis is running
Info (16010): Generating hard_block partition "hard_block:auto_generated_inst"
    Info (16011): Adding 0 node(s), including 0 DDIO, 0 PLL, 0 transceiver and 0 LCELL
Warning (21074): Design contains 3 input pin(s) that do not drive logic
    Warning (15610): No output dependent on input pin "Kscan" File: C:/Leonel/Isel/UCs/rep-geral-G14_github/LIC/Trabalho/Trabalho/keyscan.vhd Line: 6
    Warning (15610): No output dependent on input pin "MuxIn[1]" File: C:/Leonel/Isel/UCs/rep-geral-G14_github/LIC/Trabalho/Trabalho/keyscan.vhd Line: 8
    Warning (15610): No output dependent on input pin "MuxIn[2]" File: C:/Leonel/Isel/UCs/rep-geral-G14_github/LIC/Trabalho/Trabalho/keyscan.vhd Line: 8
Info (21057): Implemented 17 device resources after synthesis - the final resource count might be different
    Info (21058): Implemented 7 input pins
    Info (21059): Implemented 8 output pins
    Info (21061): Implemented 2 logic cells
Info: Quartus Prime Analysis & Synthesis was successful. 0 errors, 10 warnings
    Info: Peak virtual memory: 4796 megabytes
    Info: Processing ended: Fri Mar  1 15:23:40 2024
    Info: Elapsed time: 00:00:12
    Info: Total CPU time (on all processors): 00:00:12


